<?xml version="1.0" encoding="UTF-8"?>
<testng-results ignored="0" total="1" passed="1" failed="0" skipped="0">
  <reporter-output>
  </reporter-output>
  <suite started-at="2024-05-22T01:43:44 IST" name="Default suite" finished-at="2024-05-22T01:43:54 IST" duration-ms="9840">
    <groups>
    </groups>
    <test started-at="2024-05-22T01:43:44 IST" name="Default test" finished-at="2024-05-22T01:43:54 IST" duration-ms="9840">
      <class name="noobie.Lesson1">
        <test-method signature="openBrowser()[pri:0, instance:noobie.Lesson1@57cf54e1]" started-at="2024-05-22T01:43:44 IST" name="openBrowser" finished-at="2024-05-22T01:43:54 IST" duration-ms="9759" status="PASS">
          <reporter-output>
          </reporter-output>
        </test-method> <!-- openBrowser -->
      </class> <!-- noobie.Lesson1 -->
    </test> <!-- Default test -->
  </suite> <!-- Default suite -->
</testng-results>
